2018-05-06 09:25:21.966 INFO  [main] org.giveu.mjf.SpringBootStater:48 - Starting SpringBootStater on TC-20170522IJUX with PID 19548 (E:\code\spring-cloud\springboot\target\classes started by Caffee in E:\code\spring-cloud\springboot)
2018-05-06 09:25:22.040 DEBUG [main] org.giveu.mjf.SpringBootStater:51 - Running with Spring Boot v1.5.9.RELEASE, Spring v4.3.13.RELEASE
2018-05-06 09:25:22.044 INFO  [main] org.giveu.mjf.SpringBootStater:593 - No active profile set, falling back to default profiles: default
2018-05-06 09:25:22.291 INFO  [main] o.s.b.c.e.AnnotationConfigEmbeddedWebApplicationContext:583 - Refreshing org.springframework.boot.context.embedded.AnnotationConfigEmbeddedWebApplicationContext@57a78e3: startup date [Sun May 06 09:25:22 CST 2018]; root of context hierarchy
2018-05-06 09:25:23.109 INFO  [background-preinit] o.h.validator.internal.util.Version:30 - HV000001: Hibernate Validator 5.3.6.Final
2018-05-06 09:25:26.301 INFO  [main] o.s.b.c.e.t.TomcatEmbeddedServletContainer:89 - Tomcat initialized with port(s): 8080 (http)
2018-05-06 09:25:26.353 INFO  [main] o.a.catalina.core.StandardService:179 - Starting service [Tomcat]
2018-05-06 09:25:26.357 INFO  [main] o.a.catalina.core.StandardEngine:179 - Starting Servlet Engine: Apache Tomcat/8.5.23
2018-05-06 09:25:26.751 INFO  [localhost-startStop-1] o.a.c.c.C.[Tomcat].[localhost].[/]:179 - Initializing Spring embedded WebApplicationContext
2018-05-06 09:25:26.751 INFO  [localhost-startStop-1] o.s.web.context.ContextLoader:276 - Root WebApplicationContext: initialization completed in 4460 ms
2018-05-06 09:25:27.138 INFO  [localhost-startStop-1] o.s.b.w.s.ServletRegistrationBean:190 - Mapping servlet: 'dispatcherServlet' to [/]
2018-05-06 09:25:27.161 INFO  [localhost-startStop-1] o.s.b.w.s.FilterRegistrationBean:258 - Mapping filter: 'characterEncodingFilter' to: [/*]
2018-05-06 09:25:27.173 INFO  [localhost-startStop-1] o.s.b.w.s.FilterRegistrationBean:258 - Mapping filter: 'hiddenHttpMethodFilter' to: [/*]
2018-05-06 09:25:27.173 INFO  [localhost-startStop-1] o.s.b.w.s.FilterRegistrationBean:258 - Mapping filter: 'httpPutFormContentFilter' to: [/*]
2018-05-06 09:25:27.173 INFO  [localhost-startStop-1] o.s.b.w.s.FilterRegistrationBean:258 - Mapping filter: 'requestContextFilter' to: [/*]
2018-05-06 09:25:27.963 INFO  [main] o.s.w.s.m.m.a.RequestMappingHandlerAdapter:534 - Looking for @ControllerAdvice: org.springframework.boot.context.embedded.AnnotationConfigEmbeddedWebApplicationContext@57a78e3: startup date [Sun May 06 09:25:22 CST 2018]; root of context hierarchy
2018-05-06 09:25:28.205 INFO  [main] o.s.w.s.m.m.a.RequestMappingHandlerMapping:543 - Mapped "{[/hello]}" onto public java.lang.String org.giveu.mjf.SpringBootStater.hello()
2018-05-06 09:25:28.211 INFO  [main] o.s.w.s.m.m.a.RequestMappingHandlerMapping:543 - Mapped "{[/error]}" onto public org.springframework.http.ResponseEntity<java.util.Map<java.lang.String, java.lang.Object>> org.springframework.boot.autoconfigure.web.BasicErrorController.error(javax.servlet.http.HttpServletRequest)
2018-05-06 09:25:28.212 INFO  [main] o.s.w.s.m.m.a.RequestMappingHandlerMapping:543 - Mapped "{[/error],produces=[text/html]}" onto public org.springframework.web.servlet.ModelAndView org.springframework.boot.autoconfigure.web.BasicErrorController.errorHtml(javax.servlet.http.HttpServletRequest,javax.servlet.http.HttpServletResponse)
2018-05-06 09:25:28.287 INFO  [main] o.s.w.s.h.SimpleUrlHandlerMapping:362 - Mapped URL path [/webjars/**] onto handler of type [class org.springframework.web.servlet.resource.ResourceHttpRequestHandler]
2018-05-06 09:25:28.287 INFO  [main] o.s.w.s.h.SimpleUrlHandlerMapping:362 - Mapped URL path [/**] onto handler of type [class org.springframework.web.servlet.resource.ResourceHttpRequestHandler]
2018-05-06 09:25:28.392 INFO  [main] o.s.w.s.h.SimpleUrlHandlerMapping:362 - Mapped URL path [/**/favicon.ico] onto handler of type [class org.springframework.web.servlet.resource.ResourceHttpRequestHandler]
2018-05-06 09:25:29.088 INFO  [main] o.s.j.e.a.AnnotationMBeanExporter:431 - Registering beans for JMX exposure on startup
2018-05-06 09:25:29.129 INFO  [main] o.a.coyote.http11.Http11NioProtocol:179 - Initializing ProtocolHandler ["http-nio-8080"]
2018-05-06 09:25:29.175 INFO  [main] o.a.coyote.http11.Http11NioProtocol:179 - Starting ProtocolHandler ["http-nio-8080"]
2018-05-06 09:25:29.371 INFO  [main] o.a.tomcat.util.net.NioSelectorPool:179 - Using a shared selector for servlet write/read
2018-05-06 09:25:29.450 INFO  [main] o.s.b.c.e.t.TomcatEmbeddedServletContainer:201 - Tomcat started on port(s): 8080 (http)
2018-05-06 09:25:29.477 INFO  [main] org.giveu.mjf.SpringBootStater:57 - Started SpringBootStater in 8.865 seconds (JVM running for 11.546)
2018-05-06 09:25:29.485 INFO  [main] org.giveu.mjf.SpringBootStater:18 - SpringBootStater run success!
